[debug] [2024-12-03T06:18:05.614Z] ----------------------------------------------------------------------
[debug] [2024-12-03T06:18:05.616Z] Command:       /usr/local/bin/node /usr/local/bin/firebase init
[debug] [2024-12-03T06:18:05.616Z] CLI Version:   13.27.0
[debug] [2024-12-03T06:18:05.616Z] Platform:      darwin
[debug] [2024-12-03T06:18:05.616Z] Node Version:  v20.10.0
[debug] [2024-12-03T06:18:05.616Z] Time:          Tue Dec 03 2024 01:18:05 GMT-0500 (Eastern Standard Time)
[debug] [2024-12-03T06:18:05.616Z] ----------------------------------------------------------------------
[debug] 
[debug] [2024-12-03T06:18:05.619Z] > command requires scopes: ["email","openid","https://www.googleapis.com/auth/cloudplatformprojects.readonly","https://www.googleapis.com/auth/firebase","https://www.googleapis.com/auth/cloud-platform"]
[debug] [2024-12-03T06:18:05.619Z] > authorizing via signed-in user (shlokmundhra1111@gmail.com)
[info] 
     ######## #### ########  ######## ########     ###     ######  ########
     ##        ##  ##     ## ##       ##     ##  ##   ##  ##       ##
     ######    ##  ########  ######   ########  #########  ######  ######
     ##        ##  ##    ##  ##       ##     ## ##     ##       ## ##
     ##       #### ##     ## ######## ########  ##     ##  ######  ########

You're about to initialize a Firebase project in this directory:

  /Users/shlokmundhra/Documents/proj/linkedin/linkedin-clone

[info] 
=== Project Setup
[info] 
[info] First, let's associate this project directory with a Firebase project.
[info] You can create multiple project aliases by running firebase use --add, 
[info] but for now we'll just set up a default project.
[info] 
[debug] [2024-12-03T06:18:40.792Z] Checked if tokens are valid: true, expires at: 1733210260573
[debug] [2024-12-03T06:18:40.793Z] Checked if tokens are valid: true, expires at: 1733210260573
[debug] [2024-12-03T06:18:40.795Z] >>> [apiv2][query] GET https://firebase.googleapis.com/v1beta1/projects pageSize=100
[debug] [2024-12-03T06:18:41.147Z] <<< [apiv2][status] GET https://firebase.googleapis.com/v1beta1/projects 200
[debug] [2024-12-03T06:18:41.147Z] <<< [apiv2][body] GET https://firebase.googleapis.com/v1beta1/projects [omitted]
[info] i  Using project linkedin-clone-cbf60 (linkedin-clone) 
[info] 
=== Firestore Setup
[debug] [2024-12-03T06:18:42.870Z] Checked if tokens are valid: true, expires at: 1733210260573
[debug] [2024-12-03T06:18:42.870Z] Checked if tokens are valid: true, expires at: 1733210260573
[debug] [2024-12-03T06:18:42.871Z] >>> [apiv2][query] GET https://serviceusage.googleapis.com/v1/projects/linkedin-clone-cbf60/services/firestore.googleapis.com [none]
[debug] [2024-12-03T06:18:42.871Z] >>> [apiv2][(partial)header] GET https://serviceusage.googleapis.com/v1/projects/linkedin-clone-cbf60/services/firestore.googleapis.com x-goog-quota-user=projects/linkedin-clone-cbf60
[debug] [2024-12-03T06:18:43.783Z] <<< [apiv2][status] GET https://serviceusage.googleapis.com/v1/projects/linkedin-clone-cbf60/services/firestore.googleapis.com 200
[debug] [2024-12-03T06:18:43.784Z] <<< [apiv2][body] GET https://serviceusage.googleapis.com/v1/projects/linkedin-clone-cbf60/services/firestore.googleapis.com [omitted]
[debug] [2024-12-03T06:18:43.785Z] Checked if tokens are valid: true, expires at: 1733210260573
[debug] [2024-12-03T06:18:43.785Z] Checked if tokens are valid: true, expires at: 1733210260573
[debug] [2024-12-03T06:18:43.785Z] >>> [apiv2][query] GET https://firestore.googleapis.com/v1/projects/linkedin-clone-cbf60/databases/(default) [none]
[debug] [2024-12-03T06:18:44.034Z] <<< [apiv2][status] GET https://firestore.googleapis.com/v1/projects/linkedin-clone-cbf60/databases/(default) 200
[debug] [2024-12-03T06:18:44.034Z] <<< [apiv2][body] GET https://firestore.googleapis.com/v1/projects/linkedin-clone-cbf60/databases/(default) {"name":"projects/linkedin-clone-cbf60/databases/(default)","uid":"31124d64-af50-4963-863b-8cd36ba8cb34","createTime":"2024-12-02T19:37:30.818460Z","updateTime":"2024-12-02T19:37:30.818460Z","locationId":"nam5","type":"FIRESTORE_NATIVE","concurrencyMode":"PESSIMISTIC","versionRetentionPeriod":"3600s","earliestVersionTime":"2024-12-03T05:18:43.980819Z","appEngineIntegrationMode":"DISABLED","keyPrefix":"s","pointInTimeRecoveryEnablement":"POINT_IN_TIME_RECOVERY_DISABLED","deleteProtectionState":"DELETE_PROTECTION_DISABLED","etag":"INnX65j6iooDMMHvw5XaiooD"}
[debug] [2024-12-03T06:18:44.034Z] database_type: FIRESTORE_NATIVE
[debug] [2024-12-03T06:18:44.034Z] database_type: FIRESTORE_NATIVE
[debug] [2024-12-03T06:18:44.034Z] > command requires scopes: ["email","openid","https://www.googleapis.com/auth/cloudplatformprojects.readonly","https://www.googleapis.com/auth/firebase","https://www.googleapis.com/auth/cloud-platform"]
[debug] [2024-12-03T06:18:44.035Z] > authorizing via signed-in user (shlokmundhra1111@gmail.com)
[debug] [2024-12-03T06:18:44.035Z] [iam] checking project linkedin-clone-cbf60 for permissions ["firebase.projects.get"]
[debug] [2024-12-03T06:18:44.035Z] Checked if tokens are valid: true, expires at: 1733210260573
[debug] [2024-12-03T06:18:44.035Z] Checked if tokens are valid: true, expires at: 1733210260573
[debug] [2024-12-03T06:18:44.035Z] >>> [apiv2][query] POST https://cloudresourcemanager.googleapis.com/v1/projects/linkedin-clone-cbf60:testIamPermissions [none]
[debug] [2024-12-03T06:18:44.035Z] >>> [apiv2][(partial)header] POST https://cloudresourcemanager.googleapis.com/v1/projects/linkedin-clone-cbf60:testIamPermissions x-goog-quota-user=projects/linkedin-clone-cbf60
[debug] [2024-12-03T06:18:44.035Z] >>> [apiv2][body] POST https://cloudresourcemanager.googleapis.com/v1/projects/linkedin-clone-cbf60:testIamPermissions {"permissions":["firebase.projects.get"]}
[debug] [2024-12-03T06:18:44.469Z] <<< [apiv2][status] POST https://cloudresourcemanager.googleapis.com/v1/projects/linkedin-clone-cbf60:testIamPermissions 200
[debug] [2024-12-03T06:18:44.469Z] <<< [apiv2][body] POST https://cloudresourcemanager.googleapis.com/v1/projects/linkedin-clone-cbf60:testIamPermissions {"permissions":["firebase.projects.get"]}
[info] 
[info] Firestore Security Rules allow you to define how and when to allow
[info] requests. You can keep these rules in your project directory
[info] and publish them with firebase deploy.
[info] 
[debug] [2024-12-03T06:20:08.776Z] Checked if tokens are valid: true, expires at: 1733210260573
[debug] [2024-12-03T06:20:08.776Z] Checked if tokens are valid: true, expires at: 1733210260573
[debug] [2024-12-03T06:20:08.777Z] >>> [apiv2][query] GET https://firebaserules.googleapis.com/v1/projects/linkedin-clone-cbf60/releases pageSize=10&pageToken=
[debug] [2024-12-03T06:20:09.251Z] <<< [apiv2][status] GET https://firebaserules.googleapis.com/v1/projects/linkedin-clone-cbf60/releases 200
[debug] [2024-12-03T06:20:09.251Z] <<< [apiv2][body] GET https://firebaserules.googleapis.com/v1/projects/linkedin-clone-cbf60/releases {"releases":[{"name":"projects/linkedin-clone-cbf60/releases/cloud.firestore","rulesetName":"projects/linkedin-clone-cbf60/rulesets/2a710b9c-8b99-4333-8466-fb5e8dd60907","createTime":"2024-12-02T19:37:32.000108Z","updateTime":"2024-12-02T19:42:00.121926Z"}]}
[debug] [2024-12-03T06:20:09.251Z] Found ruleset: projects/linkedin-clone-cbf60/rulesets/2a710b9c-8b99-4333-8466-fb5e8dd60907
[debug] [2024-12-03T06:20:09.252Z] Checked if tokens are valid: true, expires at: 1733210260573
[debug] [2024-12-03T06:20:09.252Z] Checked if tokens are valid: true, expires at: 1733210260573
[debug] [2024-12-03T06:20:09.252Z] >>> [apiv2][query] GET https://firebaserules.googleapis.com/v1/projects/linkedin-clone-cbf60/rulesets/2a710b9c-8b99-4333-8466-fb5e8dd60907 [none]
[debug] [2024-12-03T06:20:09.345Z] <<< [apiv2][status] GET https://firebaserules.googleapis.com/v1/projects/linkedin-clone-cbf60/rulesets/2a710b9c-8b99-4333-8466-fb5e8dd60907 200
[debug] [2024-12-03T06:20:09.345Z] <<< [apiv2][body] GET https://firebaserules.googleapis.com/v1/projects/linkedin-clone-cbf60/rulesets/2a710b9c-8b99-4333-8466-fb5e8dd60907 [omitted]
[info] 
[info] Firestore indexes allow you to perform complex queries while
[info] maintaining performance that scales with the size of the result
[info] set. You can keep index definitions in your project directory
[info] and publish them with firebase deploy.
[info] 
[debug] [2024-12-03T06:20:11.808Z] Checked if tokens are valid: true, expires at: 1733210260573
[debug] [2024-12-03T06:20:11.808Z] Checked if tokens are valid: true, expires at: 1733210260573
[debug] [2024-12-03T06:20:11.809Z] Checked if tokens are valid: true, expires at: 1733210260573
[debug] [2024-12-03T06:20:11.809Z] Checked if tokens are valid: true, expires at: 1733210260573
[debug] [2024-12-03T06:20:11.809Z] >>> [apiv2][query] GET https://firestore.googleapis.com/v1/projects/linkedin-clone-cbf60/databases/(default)/collectionGroups/-/indexes [none]
[debug] [2024-12-03T06:20:11.812Z] >>> [apiv2][query] GET https://firestore.googleapis.com/v1/projects/linkedin-clone-cbf60/databases/(default)/collectionGroups/-/fields?filter=indexConfig.usesAncestorConfig=false OR ttlConfig:* [none]
[debug] [2024-12-03T06:20:11.984Z] <<< [apiv2][status] GET https://firestore.googleapis.com/v1/projects/linkedin-clone-cbf60/databases/(default)/collectionGroups/-/fields?filter=indexConfig.usesAncestorConfig=false OR ttlConfig:* 200
[debug] [2024-12-03T06:20:11.985Z] <<< [apiv2][body] GET https://firestore.googleapis.com/v1/projects/linkedin-clone-cbf60/databases/(default)/collectionGroups/-/fields?filter=indexConfig.usesAncestorConfig=false OR ttlConfig:* {"fields":[{"name":"projects/linkedin-clone-cbf60/databases/(default)/collectionGroups/__default__/fields/*","indexConfig":{"indexes":[{"queryScope":"COLLECTION","fields":[{"fieldPath":"*","order":"ASCENDING"}],"state":"READY"},{"queryScope":"COLLECTION","fields":[{"fieldPath":"*","order":"DESCENDING"}],"state":"READY"},{"queryScope":"COLLECTION","fields":[{"fieldPath":"*","arrayConfig":"CONTAINS"}],"state":"READY"}]}}]}
[debug] [2024-12-03T06:20:12.000Z] <<< [apiv2][status] GET https://firestore.googleapis.com/v1/projects/linkedin-clone-cbf60/databases/(default)/collectionGroups/-/indexes 200
[debug] [2024-12-03T06:20:12.000Z] <<< [apiv2][body] GET https://firestore.googleapis.com/v1/projects/linkedin-clone-cbf60/databases/(default)/collectionGroups/-/indexes {}
[info] 
=== Genkit Setup
[debug] [2024-12-03T06:20:17.240Z] > command requires scopes: ["email","openid","https://www.googleapis.com/auth/cloudplatformprojects.readonly","https://www.googleapis.com/auth/firebase","https://www.googleapis.com/auth/cloud-platform"]
[debug] [2024-12-03T06:20:17.240Z] > authorizing via signed-in user (shlokmundhra1111@gmail.com)
[debug] [2024-12-03T06:20:17.241Z] [iam] checking project linkedin-clone-cbf60 for permissions ["firebase.projects.get"]
[debug] [2024-12-03T06:20:17.241Z] Checked if tokens are valid: true, expires at: 1733210260573
[debug] [2024-12-03T06:20:17.241Z] Checked if tokens are valid: true, expires at: 1733210260573
[debug] [2024-12-03T06:20:17.241Z] >>> [apiv2][query] POST https://cloudresourcemanager.googleapis.com/v1/projects/linkedin-clone-cbf60:testIamPermissions [none]
[debug] [2024-12-03T06:20:17.241Z] >>> [apiv2][(partial)header] POST https://cloudresourcemanager.googleapis.com/v1/projects/linkedin-clone-cbf60:testIamPermissions x-goog-quota-user=projects/linkedin-clone-cbf60
[debug] [2024-12-03T06:20:17.241Z] >>> [apiv2][body] POST https://cloudresourcemanager.googleapis.com/v1/projects/linkedin-clone-cbf60:testIamPermissions {"permissions":["firebase.projects.get"]}
[debug] [2024-12-03T06:20:17.427Z] <<< [apiv2][status] POST https://cloudresourcemanager.googleapis.com/v1/projects/linkedin-clone-cbf60:testIamPermissions 200
[debug] [2024-12-03T06:20:17.427Z] <<< [apiv2][body] POST https://cloudresourcemanager.googleapis.com/v1/projects/linkedin-clone-cbf60:testIamPermissions {"permissions":["firebase.projects.get"]}
[debug] [2024-12-03T06:20:17.427Z] Checked if tokens are valid: true, expires at: 1733210260573
[debug] [2024-12-03T06:20:17.428Z] Checked if tokens are valid: true, expires at: 1733210260573
[debug] [2024-12-03T06:20:17.428Z] Checked if tokens are valid: true, expires at: 1733210260573
[debug] [2024-12-03T06:20:17.428Z] Checked if tokens are valid: true, expires at: 1733210260573
[debug] [2024-12-03T06:20:17.428Z] >>> [apiv2][query] GET https://serviceusage.googleapis.com/v1/projects/linkedin-clone-cbf60/services/cloudfunctions.googleapis.com [none]
[debug] [2024-12-03T06:20:17.428Z] >>> [apiv2][(partial)header] GET https://serviceusage.googleapis.com/v1/projects/linkedin-clone-cbf60/services/cloudfunctions.googleapis.com x-goog-quota-user=projects/linkedin-clone-cbf60
[debug] [2024-12-03T06:20:17.431Z] >>> [apiv2][query] GET https://serviceusage.googleapis.com/v1/projects/linkedin-clone-cbf60/services/runtimeconfig.googleapis.com [none]
[debug] [2024-12-03T06:20:17.431Z] >>> [apiv2][(partial)header] GET https://serviceusage.googleapis.com/v1/projects/linkedin-clone-cbf60/services/runtimeconfig.googleapis.com x-goog-quota-user=projects/linkedin-clone-cbf60
[debug] [2024-12-03T06:20:17.691Z] <<< [apiv2][status] GET https://serviceusage.googleapis.com/v1/projects/linkedin-clone-cbf60/services/runtimeconfig.googleapis.com 200
[debug] [2024-12-03T06:20:17.692Z] <<< [apiv2][body] GET https://serviceusage.googleapis.com/v1/projects/linkedin-clone-cbf60/services/runtimeconfig.googleapis.com [omitted]
[debug] [2024-12-03T06:20:17.701Z] <<< [apiv2][status] GET https://serviceusage.googleapis.com/v1/projects/linkedin-clone-cbf60/services/cloudfunctions.googleapis.com 200
[debug] [2024-12-03T06:20:17.701Z] <<< [apiv2][body] GET https://serviceusage.googleapis.com/v1/projects/linkedin-clone-cbf60/services/cloudfunctions.googleapis.com [omitted]
[debug] [2024-12-03T06:20:17.702Z] Checked if tokens are valid: true, expires at: 1733210260573
[debug] [2024-12-03T06:20:17.702Z] Checked if tokens are valid: true, expires at: 1733210260573
[debug] [2024-12-03T06:20:17.702Z] >>> [apiv2][query] POST https://serviceusage.googleapis.com/v1/projects/linkedin-clone-cbf60/services/cloudfunctions.googleapis.com:enable [none]
[debug] [2024-12-03T06:20:17.702Z] >>> [apiv2][(partial)header] POST https://serviceusage.googleapis.com/v1/projects/linkedin-clone-cbf60/services/cloudfunctions.googleapis.com:enable x-goog-quota-user=projects/linkedin-clone-cbf60
[debug] [2024-12-03T06:20:18.017Z] <<< [apiv2][status] POST https://serviceusage.googleapis.com/v1/projects/linkedin-clone-cbf60/services/cloudfunctions.googleapis.com:enable 200
[debug] [2024-12-03T06:20:18.017Z] <<< [apiv2][body] POST https://serviceusage.googleapis.com/v1/projects/linkedin-clone-cbf60/services/cloudfunctions.googleapis.com:enable [omitted]
[debug] [2024-12-03T06:20:28.020Z] Checked if tokens are valid: true, expires at: 1733210260573
[debug] [2024-12-03T06:20:28.021Z] Checked if tokens are valid: true, expires at: 1733210260573
[debug] [2024-12-03T06:20:28.021Z] >>> [apiv2][query] GET https://serviceusage.googleapis.com/v1/projects/linkedin-clone-cbf60/services/cloudfunctions.googleapis.com [none]
[debug] [2024-12-03T06:20:28.021Z] >>> [apiv2][(partial)header] GET https://serviceusage.googleapis.com/v1/projects/linkedin-clone-cbf60/services/cloudfunctions.googleapis.com x-goog-quota-user=projects/linkedin-clone-cbf60
[debug] [2024-12-03T06:20:28.326Z] <<< [apiv2][status] GET https://serviceusage.googleapis.com/v1/projects/linkedin-clone-cbf60/services/cloudfunctions.googleapis.com 200
[debug] [2024-12-03T06:20:28.327Z] <<< [apiv2][body] GET https://serviceusage.googleapis.com/v1/projects/linkedin-clone-cbf60/services/cloudfunctions.googleapis.com [omitted]
[info] Let's create a new codebase for your functions.
[info] A directory corresponding to the codebase will be created in your project
[info] with sample code pre-configured.

[info] See https://firebase.google.com/docs/functions/organize-functions for
[info] more information on organizing your functions using codebases.

[info] Functions can be deployed with firebase deploy.

[info] ✔  Wrote functions/package.json 
[info] ✔  Wrote functions/.eslintrc.js 
[info] ✔  Wrote functions/tsconfig.json 
[info] ✔  Wrote functions/tsconfig.dev.json 
[info] ✔  Wrote functions/src/index.ts 
[info] ✔  Wrote functions/.gitignore 
[info] 
[error] NPM install failed, continuing with Firebase initialization...
[info] 
[info] i  genkit: Installing Genkit CLI version 0.9.6
 
[error] ⬢  genkit: Genkit initialization failed: undefined 
[info] 
=== Functions Setup
[debug] [2024-12-03T06:20:57.631Z] > command requires scopes: ["email","openid","https://www.googleapis.com/auth/cloudplatformprojects.readonly","https://www.googleapis.com/auth/firebase","https://www.googleapis.com/auth/cloud-platform"]
[debug] [2024-12-03T06:20:57.631Z] > authorizing via signed-in user (shlokmundhra1111@gmail.com)
[debug] [2024-12-03T06:20:57.631Z] [iam] checking project linkedin-clone-cbf60 for permissions ["firebase.projects.get"]
[debug] [2024-12-03T06:20:57.631Z] Checked if tokens are valid: true, expires at: 1733210260573
[debug] [2024-12-03T06:20:57.631Z] Checked if tokens are valid: true, expires at: 1733210260573
[debug] [2024-12-03T06:20:57.631Z] >>> [apiv2][query] POST https://cloudresourcemanager.googleapis.com/v1/projects/linkedin-clone-cbf60:testIamPermissions [none]
[debug] [2024-12-03T06:20:57.631Z] >>> [apiv2][(partial)header] POST https://cloudresourcemanager.googleapis.com/v1/projects/linkedin-clone-cbf60:testIamPermissions x-goog-quota-user=projects/linkedin-clone-cbf60
[debug] [2024-12-03T06:20:57.631Z] >>> [apiv2][body] POST https://cloudresourcemanager.googleapis.com/v1/projects/linkedin-clone-cbf60:testIamPermissions {"permissions":["firebase.projects.get"]}
[debug] [2024-12-03T06:20:57.806Z] <<< [apiv2][status] POST https://cloudresourcemanager.googleapis.com/v1/projects/linkedin-clone-cbf60:testIamPermissions 200
[debug] [2024-12-03T06:20:57.806Z] <<< [apiv2][body] POST https://cloudresourcemanager.googleapis.com/v1/projects/linkedin-clone-cbf60:testIamPermissions {"permissions":["firebase.projects.get"]}
[debug] [2024-12-03T06:20:57.806Z] Checked if tokens are valid: true, expires at: 1733210260573
[debug] [2024-12-03T06:20:57.806Z] Checked if tokens are valid: true, expires at: 1733210260573
[debug] [2024-12-03T06:20:57.806Z] Checked if tokens are valid: true, expires at: 1733210260573
[debug] [2024-12-03T06:20:57.806Z] Checked if tokens are valid: true, expires at: 1733210260573
[debug] [2024-12-03T06:20:57.806Z] >>> [apiv2][query] GET https://serviceusage.googleapis.com/v1/projects/linkedin-clone-cbf60/services/cloudfunctions.googleapis.com [none]
[debug] [2024-12-03T06:20:57.806Z] >>> [apiv2][(partial)header] GET https://serviceusage.googleapis.com/v1/projects/linkedin-clone-cbf60/services/cloudfunctions.googleapis.com x-goog-quota-user=projects/linkedin-clone-cbf60
[debug] [2024-12-03T06:20:57.808Z] >>> [apiv2][query] GET https://serviceusage.googleapis.com/v1/projects/linkedin-clone-cbf60/services/runtimeconfig.googleapis.com [none]
[debug] [2024-12-03T06:20:57.808Z] >>> [apiv2][(partial)header] GET https://serviceusage.googleapis.com/v1/projects/linkedin-clone-cbf60/services/runtimeconfig.googleapis.com x-goog-quota-user=projects/linkedin-clone-cbf60
[debug] [2024-12-03T06:20:58.075Z] <<< [apiv2][status] GET https://serviceusage.googleapis.com/v1/projects/linkedin-clone-cbf60/services/cloudfunctions.googleapis.com 200
[debug] [2024-12-03T06:20:58.075Z] <<< [apiv2][body] GET https://serviceusage.googleapis.com/v1/projects/linkedin-clone-cbf60/services/cloudfunctions.googleapis.com [omitted]
[debug] [2024-12-03T06:20:58.081Z] <<< [apiv2][status] GET https://serviceusage.googleapis.com/v1/projects/linkedin-clone-cbf60/services/runtimeconfig.googleapis.com 200
[debug] [2024-12-03T06:20:58.081Z] <<< [apiv2][body] GET https://serviceusage.googleapis.com/v1/projects/linkedin-clone-cbf60/services/runtimeconfig.googleapis.com [omitted]
[info] 
Detected existing codebase(s): default

[info] Let's create a new codebase for your functions.
[info] A directory corresponding to the codebase will be created in your project
[info] with sample code pre-configured.

[info] See https://firebase.google.com/docs/functions/organize-functions for
[info] more information on organizing your functions using codebases.

[info] Functions can be deployed with firebase deploy.

[info] ✔  Wrote linkedin-clone/package.json 
[info] ✔  Wrote linkedin-clone/.eslintrc.js 
[info] ✔  Wrote linkedin-clone/index.js 
[info] ✔  Wrote linkedin-clone/.gitignore 
[info] 
=== Apphosting Setup
[debug] [2024-12-03T06:21:29.116Z] Checked if tokens are valid: true, expires at: 1733210260573
[debug] [2024-12-03T06:21:29.116Z] Checked if tokens are valid: true, expires at: 1733210260573
[debug] [2024-12-03T06:21:29.117Z] >>> [apiv2][query] GET https://cloudbilling.googleapis.com/v1/projects/linkedin-clone-cbf60/billingInfo [none]
[debug] [2024-12-03T06:21:29.563Z] <<< [apiv2][status] GET https://cloudbilling.googleapis.com/v1/projects/linkedin-clone-cbf60/billingInfo 200
[debug] [2024-12-03T06:21:29.563Z] <<< [apiv2][body] GET https://cloudbilling.googleapis.com/v1/projects/linkedin-clone-cbf60/billingInfo {"name":"projects/linkedin-clone-cbf60/billingInfo","projectId":"linkedin-clone-cbf60","billingAccountName":"","billingEnabled":false}
[info] i  Writing default settings to apphosting.yaml... 
[info] ✔  Wrote apphosting.yaml 
[info] ✔  Create a new App Hosting backend with `firebase apphosting:backends:create` 
[info] 
=== Hosting Setup
[debug] [2024-12-03T06:21:29.566Z] Checked if tokens are valid: true, expires at: 1733210260573
[debug] [2024-12-03T06:21:29.567Z] Checked if tokens are valid: true, expires at: 1733210260573
[debug] [2024-12-03T06:21:29.567Z] >>> [apiv2][query] GET https://firebase.googleapis.com/v1beta1/projects/linkedin-clone-cbf60 [none]
[debug] [2024-12-03T06:21:29.766Z] <<< [apiv2][status] GET https://firebase.googleapis.com/v1beta1/projects/linkedin-clone-cbf60 200
[debug] [2024-12-03T06:21:29.766Z] <<< [apiv2][body] GET https://firebase.googleapis.com/v1beta1/projects/linkedin-clone-cbf60 {"projectId":"linkedin-clone-cbf60","projectNumber":"286665155326","displayName":"linkedin-clone","name":"projects/linkedin-clone-cbf60","resources":{"hostingSite":"linkedin-clone-cbf60"},"state":"ACTIVE","etag":"1_6b542835-b999-4da8-a688-48616c6dad0c"}
[info] 
[info] Your public directory is the folder (relative to your project directory) that
[info] will contain Hosting assets to be uploaded with firebase deploy. If you
[info] have a build process for your assets, use your build's output directory.
[info] 
[debug] [2024-12-03T06:21:50.592Z] >>> [apiv2][query] GET https://www.gstatic.com/firebasejs/releases.json [none]
[debug] [2024-12-03T06:21:50.691Z] <<< [apiv2][status] GET https://www.gstatic.com/firebasejs/releases.json 200
[debug] [2024-12-03T06:21:50.691Z] <<< [apiv2][body] GET https://www.gstatic.com/firebasejs/releases.json {"current":{"version":"11.0.2","browserURL":"https://www.gstatic.com/firebasejs/11.0.2/firebase.js","packageURL":"https://www.gstatic.com/firebasejs/11.0.2/firebase.tgz"},"live":{"version":"11.0","browserURL":"https://www.gstatic.com/firebasejs/live/11.0/firebase.js","packageURL":"https://www.gstatic.com/firebasejs/live/11.0/firebase.tgz"},"components":{"analytics":"https://www.gstatic.com/firebasejs/11.0.2/firebase-analytics.js","app":"https://www.gstatic.com/firebasejs/11.0.2/firebase-app.js","app-check":"https://www.gstatic.com/firebasejs/11.0.2/firebase-app-check.js","auth":"https://www.gstatic.com/firebasejs/11.0.2/firebase-auth.js","auth/cordova":"https://www.gstatic.com/firebasejs/11.0.2/firebase-auth/cordova.js","auth/web-extension":"https://www.gstatic.com/firebasejs/11.0.2/firebase-auth/web-extension.js","functions":"https://www.gstatic.com/firebasejs/11.0.2/firebase-functions.js","firestore":"https://www.gstatic.com/firebasejs/11.0.2/firebase-firestore.js","firestore/lite":"https://www.gstatic.com/firebasejs/11.0.2/firebase-firestore/lite.js","installations":"https://www.gstatic.com/firebasejs/11.0.2/firebase-installations.js","storage":"https://www.gstatic.com/firebasejs/11.0.2/firebase-storage.js","performance":"https://www.gstatic.com/firebasejs/11.0.2/firebase-performance.js","remote-config":"https://www.gstatic.com/firebasejs/11.0.2/firebase-remote-config.js","messaging":"https://www.gstatic.com/firebasejs/11.0.2/firebase-messaging.js","messaging/sw":"https://www.gstatic.com/firebasejs/11.0.2/firebase-messaging/sw.js","database":"https://www.gstatic.com/firebasejs/11.0.2/firebase-database.js","vertexai":"https://www.gstatic.com/firebasejs/11.0.2/firebase-vertexai.js","data-connect":"https://www.gstatic.com/firebasejs/11.0.2/firebase-data-connect.js","firestore.memory":"https://www.gstatic.com/firebasejs/11.0.2/firebase-firestore.memory.js"}}
[info] ✔  Wrote build/index.html 
[info] 
=== Storage Setup
[info] 
[info] Firebase Storage Security Rules allow you to define how and when to allow
[info] uploads and downloads. You can keep these rules in your project directory
[info] and publish them with firebase deploy.
[info] 
[info] ✔  Wrote storage.rules 
[info] 
=== Emulators Setup
[info] i  apphosting: Initializing Emulator {"metadata":{"emulator":{"name":"apphosting"},"message":"Initializing Emulator"}}
[warn] ⚠  Failed to auto-detect your project's start command. Consider manually setting the start command by setting `firebase.json#emulators.apphosting.startCommandOverride` {"metadata":{"emulator":{"name":"apphosting"},"message":"Failed to auto-detect your project's start command. Consider manually setting the start command by setting `firebase.json#emulators.apphosting.startCommandOverride`"}}
[debug] [2024-12-03T06:23:32.092Z] Checked if tokens are valid: true, expires at: 1733210260573
[debug] [2024-12-03T06:23:32.092Z] Checked if tokens are valid: true, expires at: 1733210260573
[debug] [2024-12-03T06:23:32.093Z] >>> [apiv2][query] GET https://firebase.googleapis.com/v1beta1/projects pageSize=100
[debug] [2024-12-03T06:23:32.313Z] <<< [apiv2][status] GET https://firebase.googleapis.com/v1beta1/projects 200
[debug] [2024-12-03T06:23:32.313Z] <<< [apiv2][body] GET https://firebase.googleapis.com/v1beta1/projects [omitted]
[info] Wrote secrets as environment variables to apphosting.local.yaml.
[warn] ⚠  failed to export app hosting configs {"metadata":{"emulator":{"name":"apphosting"},"message":"failed to export app hosting configs"}}
[debug] [2024-12-03T06:23:38.387Z] Error: ENOENT: no such file or directory, open '/Users/shlokmundhra/Documents/proj/linkedin/linkedin-clone/n/apphosting.local.yaml'
    at Object.openSync (node:fs:581:18)
    at writeFileSync (node:fs:2342:35)
    at store (/usr/local/lib/node_modules/firebase-tools/lib/apphosting/config.js:50:28)
    at AppHostingYamlConfig.upsertFile (/usr/local/lib/node_modules/firebase-tools/lib/apphosting/yaml.js:64:28)
    at exportConfig (/usr/local/lib/node_modules/firebase-tools/lib/apphosting/config.js:156:27)
    at async apphosting (/usr/local/lib/node_modules/firebase-tools/lib/emulator/initEmulators.js:35:13)
    at async doSetup (/usr/local/lib/node_modules/firebase-tools/lib/init/features/emulators.js:52:39)
    at async init (/usr/local/lib/node_modules/firebase-tools/lib/init/index.js:41:9)
[error] 
[error] Error: An unexpected error has occurred.
